[22:06:47] [main/INFO] [LaunchWrapper]: Loading tweak class name net.minecraftforge.fml.common.launcher.FMLTweaker
[22:06:47] [main/INFO] [LaunchWrapper]: Using primary tweak class name net.minecraftforge.fml.common.launcher.FMLTweaker
[22:06:47] [main/INFO] [LaunchWrapper]: Calling tweak class net.minecraftforge.fml.common.launcher.FMLTweaker
[22:06:47] [main/INFO] [FML]: Forge Mod Loader version 14.23.5.2860 for Minecraft 1.12.2 loading
[22:06:47] [main/INFO] [FML]: Java is Java HotSpot(TM) 64-Bit Server VM, version 1.8.0_202, running on Windows 10:amd64:10.0, installed at C:\Program Files\Java\jdk1.8.0_202\jre
[22:06:47] [main/ERROR] [FML]: Apache Maven library folder was not in the format expected. Using default libraries directory.
[22:06:47] [main/ERROR] [FML]: Full: C:\Users\natha\.gradle\caches\modules-2\files-2.1\org.apache.maven\maven-artifact\3.5.3\7dc72b6d6d8a6dced3d294ed54c2cc3515ade9f4\maven-artifact-3.5.3.jar
[22:06:47] [main/ERROR] [FML]: Trimmed: c:/users/natha/.gradle/caches/modules-2/files-2.1/org.apache.maven/maven-artifact/3.5.3/
[22:06:47] [main/INFO] [FML]: Managed to load a deobfuscated Minecraft name- we are in a deobfuscated environment. Skipping runtime deobfuscation
[22:06:47] [main/INFO] [FML]: Detected deobfuscated environment, loading log configs for colored console logs.
[22:06:48] [main/INFO] [FML]: Ignoring missing certificate for coremod FMLCorePlugin (net.minecraftforge.fml.relauncher.FMLCorePlugin), we are in deobf and it's a forge core plugin
[22:06:48] [main/INFO] [FML]: Ignoring missing certificate for coremod FMLForgePlugin (net.minecraftforge.classloading.FMLForgePlugin), we are in deobf and it's a forge core plugin
[22:06:48] [main/INFO] [FML]: Found a command line coremod : cn.origin.cube.inject.ForgeCoreModsLoader
[22:06:48] [main/INFO] [FML]: Ignoring missing certificate for coremod Cube (cn.origin.cube.inject.ForgeCoreModsLoader), as this is probably a dev workspace
[22:06:49] [main/INFO] [mixin]: SpongePowered MIXIN Subsystem Version=0.7.11 Source=file:/C:/Users/natha/.gradle/caches/modules-2/files-2.1/org.spongepowered/mixin/0.7.11-SNAPSHOT/7a670207bdb97db418118ad1e9bb42424ff3776d/mixin-0.7.11-SNAPSHOT.jar Service=LaunchWrapper Env=CLIENT
[22:06:49] [main/INFO] [mixin]: Compatibility level set to JAVA_8
[22:06:49] [main/ERROR] [mixin]: Mixin config mixins.cube.json does not specify "minVersion" property
[22:06:49] [main/INFO] [Cue]: searge
[22:06:49] [main/INFO] [FML]: Searching C:\Users\natha\Downloads\CubeBase-master\CubeBase-master\run\.\mods for mods
[22:06:49] [main/INFO] [LaunchWrapper]: Loading tweak class name net.minecraftforge.fml.common.launcher.FMLInjectionAndSortingTweaker
[22:06:49] [main/INFO] [LaunchWrapper]: Loading tweak class name org.spongepowered.asm.mixin.EnvironmentStateTweaker
[22:06:49] [main/INFO] [LaunchWrapper]: Loading tweak class name net.minecraftforge.fml.common.launcher.FMLDeobfTweaker
[22:06:49] [main/INFO] [LaunchWrapper]: Calling tweak class net.minecraftforge.fml.common.launcher.FMLInjectionAndSortingTweaker
[22:06:49] [main/INFO] [LaunchWrapper]: Calling tweak class net.minecraftforge.fml.common.launcher.FMLInjectionAndSortingTweaker
[22:06:49] [main/INFO] [LaunchWrapper]: Calling tweak class net.minecraftforge.fml.relauncher.CoreModManager$FMLPluginWrapper
[22:06:54] [main/ERROR] [FML]: FML appears to be missing any signature data. This is not a good thing
[22:06:54] [main/INFO] [LaunchWrapper]: Calling tweak class net.minecraftforge.fml.relauncher.CoreModManager$FMLPluginWrapper
[22:06:54] [main/INFO] [LaunchWrapper]: Calling tweak class net.minecraftforge.fml.relauncher.CoreModManager$FMLPluginWrapper
[22:06:54] [main/INFO] [LaunchWrapper]: Calling tweak class org.spongepowered.asm.mixin.EnvironmentStateTweaker
[22:06:54] [main/INFO] [mixin]: Initialised Mixin FML Remapper Adapter with net.minecraftforge.fml.common.asm.transformers.deobf.FMLDeobfuscatingRemapper@2216effc
[22:06:54] [main/INFO] [LaunchWrapper]: Calling tweak class net.minecraftforge.fml.common.launcher.FMLDeobfTweaker
[22:06:55] [main/INFO] [LaunchWrapper]: Loading tweak class name net.minecraftforge.fml.common.launcher.TerminalTweaker
[22:06:55] [main/INFO] [LaunchWrapper]: Calling tweak class net.minecraftforge.fml.common.launcher.TerminalTweaker
[22:06:55] [main/INFO] [LaunchWrapper]: Launching wrapped minecraft {net.minecraft.client.main.Main}
[22:06:57] [Client thread/INFO] [net.minecraft.client.Minecraft]: Setting user: Player768
[22:07:02] [Client thread/ERROR] [LaunchWrapper]: Unable to launch
java.lang.reflect.InvocationTargetException: null
	at sun.reflect.NativeMethodAccessorImpl.invoke0(Native Method) ~[?:1.8.0_202]
	at sun.reflect.NativeMethodAccessorImpl.invoke(NativeMethodAccessorImpl.java:62) ~[?:1.8.0_202]
	at sun.reflect.DelegatingMethodAccessorImpl.invoke(DelegatingMethodAccessorImpl.java:43) ~[?:1.8.0_202]
	at java.lang.reflect.Method.invoke(Method.java:498) ~[?:1.8.0_202]
	at net.minecraft.launchwrapper.Launch.launch(Launch.java:135) [launchwrapper-1.12.jar:?]
	at net.minecraft.launchwrapper.Launch.main(Launch.java:28) [launchwrapper-1.12.jar:?]
	at sun.reflect.NativeMethodAccessorImpl.invoke0(Native Method) ~[?:1.8.0_202]
	at sun.reflect.NativeMethodAccessorImpl.invoke(NativeMethodAccessorImpl.java:62) ~[?:1.8.0_202]
	at sun.reflect.DelegatingMethodAccessorImpl.invoke(DelegatingMethodAccessorImpl.java:43) ~[?:1.8.0_202]
	at java.lang.reflect.Method.invoke(Method.java:498) ~[?:1.8.0_202]
	at net.minecraftforge.legacydev.Main.start(Main.java:86) [legacydev-0.2.3.1-fatjar.jar:0.2.3.1+4+372be23]
	at net.minecraftforge.legacydev.MainClient.main(MainClient.java:29) [legacydev-0.2.3.1-fatjar.jar:0.2.3.1+4+372be23]
Caused by: java.lang.NoClassDefFoundError: org/yaml/snakeyaml/constructor/BaseConstructor
	at cn.origin.cube.viaforge.platform.Platform.<init>(Platform.java:36) ~[Platform.class:?]
	at cn.origin.cube.viaforge.ViaForge.start(ViaForge.java:48) ~[ViaForge.class:?]
	at net.minecraft.client.Minecraft.handler$injectConstructor$zzc000(Minecraft.java:3362) ~[Minecraft.class:?]
	at net.minecraft.client.Minecraft.<init>(Minecraft.java:370) ~[Minecraft.class:?]
	at net.minecraft.client.main.Main.main(Main.java:118) ~[Main.class:?]
	... 12 more
Caused by: java.lang.ClassNotFoundException: org.yaml.snakeyaml.constructor.BaseConstructor
	at net.minecraft.launchwrapper.LaunchClassLoader.findClass(LaunchClassLoader.java:191) ~[launchwrapper-1.12.jar:?]
	at java.lang.ClassLoader.loadClass(ClassLoader.java:424) ~[?:1.8.0_202]
	at java.lang.ClassLoader.loadClass(ClassLoader.java:357) ~[?:1.8.0_202]
	at cn.origin.cube.viaforge.platform.Platform.<init>(Platform.java:36) ~[Platform.class:?]
	at cn.origin.cube.viaforge.ViaForge.start(ViaForge.java:48) ~[ViaForge.class:?]
	at net.minecraft.client.Minecraft.handler$injectConstructor$zzc000(Minecraft.java:3362) ~[Minecraft.class:?]
	at net.minecraft.client.Minecraft.<init>(Minecraft.java:370) ~[Minecraft.class:?]
	at net.minecraft.client.main.Main.main(Main.java:118) ~[Main.class:?]
	... 12 more
Caused by: java.lang.NullPointerException
	at net.minecraft.launchwrapper.LaunchClassLoader.findClass(LaunchClassLoader.java:182) ~[launchwrapper-1.12.jar:?]
	at java.lang.ClassLoader.loadClass(ClassLoader.java:424) ~[?:1.8.0_202]
	at java.lang.ClassLoader.loadClass(ClassLoader.java:357) ~[?:1.8.0_202]
	at cn.origin.cube.viaforge.platform.Platform.<init>(Platform.java:36) ~[Platform.class:?]
	at cn.origin.cube.viaforge.ViaForge.start(ViaForge.java:48) ~[ViaForge.class:?]
	at net.minecraft.client.Minecraft.handler$injectConstructor$zzc000(Minecraft.java:3362) ~[Minecraft.class:?]
	at net.minecraft.client.Minecraft.<init>(Minecraft.java:370) ~[Minecraft.class:?]
	at net.minecraft.client.main.Main.main(Main.java:118) ~[Main.class:?]
	... 12 more
[22:07:02] [Client thread/INFO] [STDERR]: [java.lang.ThreadGroup:uncaughtException:1052]: java.lang.reflect.InvocationTargetException
[22:07:02] [Client thread/INFO] [STDERR]: [java.lang.ThreadGroup:uncaughtException:1052]: 	at sun.reflect.NativeMethodAccessorImpl.invoke0(Native Method)
[22:07:02] [Client thread/INFO] [STDERR]: [java.lang.ThreadGroup:uncaughtException:1052]: 	at sun.reflect.NativeMethodAccessorImpl.invoke(NativeMethodAccessorImpl.java:62)
[22:07:02] [Client thread/INFO] [STDERR]: [java.lang.ThreadGroup:uncaughtException:1052]: 	at sun.reflect.DelegatingMethodAccessorImpl.invoke(DelegatingMethodAccessorImpl.java:43)
[22:07:02] [Client thread/INFO] [STDERR]: [java.lang.ThreadGroup:uncaughtException:1052]: 	at java.lang.reflect.Method.invoke(Method.java:498)
[22:07:02] [Client thread/INFO] [STDERR]: [java.lang.ThreadGroup:uncaughtException:1052]: 	at net.minecraftforge.legacydev.Main.start(Main.java:86)
[22:07:02] [Client thread/INFO] [STDERR]: [java.lang.ThreadGroup:uncaughtException:1052]: 	at net.minecraftforge.legacydev.MainClient.main(MainClient.java:29)
[22:07:02] [Client thread/INFO] [STDERR]: [java.lang.ThreadGroup:uncaughtException:1061]: Caused by: net.minecraftforge.fml.relauncher.FMLSecurityManager$ExitTrappedException
[22:07:02] [Client thread/INFO] [STDERR]: [java.lang.ThreadGroup:uncaughtException:1061]: 	at net.minecraftforge.fml.relauncher.FMLSecurityManager.checkPermission(FMLSecurityManager.java:49)
[22:07:02] [Client thread/INFO] [STDERR]: [java.lang.ThreadGroup:uncaughtException:1061]: 	at java.lang.SecurityManager.checkExit(SecurityManager.java:761)
[22:07:02] [Client thread/INFO] [STDERR]: [java.lang.ThreadGroup:uncaughtException:1061]: 	at java.lang.Runtime.exit(Runtime.java:107)
[22:07:02] [Client thread/INFO] [STDERR]: [java.lang.ThreadGroup:uncaughtException:1061]: 	at java.lang.System.exit(System.java:971)
[22:07:02] [Client thread/INFO] [STDERR]: [java.lang.ThreadGroup:uncaughtException:1061]: 	at net.minecraft.launchwrapper.Launch.launch(Launch.java:138)
[22:07:02] [Client thread/INFO] [STDERR]: [java.lang.ThreadGroup:uncaughtException:1061]: 	at net.minecraft.launchwrapper.Launch.main(Launch.java:28)
[22:07:02] [Client thread/INFO] [STDERR]: [java.lang.ThreadGroup:uncaughtException:1061]: 	... 6 more
